Performing C++ SOURCE FILE Test flag_supported failed with the following output:
Change Dir: /home/ragnar/projects/github/i6_engine/build/CMakeFiles/CMakeTmp

Run Build Command(s):/usr/bin/ninja-build cmTC_01b03 
[1/2] Building CXX object CMakeFiles/cmTC_01b03.dir/src.cxx.o
FAILED: CMakeFiles/cmTC_01b03.dir/src.cxx.o 
/usr/bin/c++    -std=c++11 -Wall -Wextra -O3 -pthread -Dflag_supported   -Weverything -o CMakeFiles/cmTC_01b03.dir/src.cxx.o -c src.cxx
c++: error: unrecognized command line option '-Weverything'
ninja: build stopped: subcommand failed.

Source file was:
int main() { return 0; }
Performing C++ SOURCE FILE Test flag_supported failed with the following output:
Change Dir: /home/ragnar/projects/github/i6_engine/build/CMakeFiles/CMakeTmp

Run Build Command(s):/usr/bin/ninja-build cmTC_f7fca 
[1/2] Building CXX object CMakeFiles/cmTC_f7fca.dir/src.cxx.o
FAILED: CMakeFiles/cmTC_f7fca.dir/src.cxx.o 
/usr/bin/c++    -std=c++11 -Wall -Wextra -O3 -pthread -Ofast -Dflag_supported   /W4 -o CMakeFiles/cmTC_f7fca.dir/src.cxx.o -c src.cxx
c++: error: /W4: No such file or directory
ninja: build stopped: subcommand failed.

Source file was:
int main() { return 0; }
Performing C++ SOURCE FILE Test flag_supported failed with the following output:
Change Dir: /home/ragnar/projects/github/i6_engine/build/CMakeFiles/CMakeTmp

Run Build Command(s):/usr/bin/ninja-build cmTC_08737 
[1/2] Building CXX object CMakeFiles/cmTC_08737.dir/src.cxx.o
FAILED: CMakeFiles/cmTC_08737.dir/src.cxx.o 
/usr/bin/c++    -std=c++11 -Wall -Wextra -O3 -pthread -Ofast -Dflag_supported   /O2 -o CMakeFiles/cmTC_08737.dir/src.cxx.o -c src.cxx
c++: error: /O2: No such file or directory
ninja: build stopped: subcommand failed.

Source file was:
int main() { return 0; }
